Clearing CUDA cache...
CUDA cache cleared.
Created directory: ./work_dir/MedSAM-ViT-B_MSFalse_oneneckFalse_use_clip_20250618-1313
[liver]  cases: 40, slices: 2522
[right_kidney]  cases: 40, slices: 1619
[spleen]  cases: 40, slices: 1310
[pancreas]  cases: 40, slices: 1274
[aorta]  cases: 40, slices: 3486
[ivc]  cases: 40, slices: 3226
[right_adrenal_gland]  cases: 40, slices: 449
[left_adrenal_gland]  cases: 40, slices: 534
[gallbladder]  cases: 40, slices: 686
[esophagus]  cases: 40, slices: 1074
[stomach]  cases: 40, slices: 1557
[left_kidney]  cases: 40, slices: 1650
Checkpoint loaded successfully. Starting from epoch 40.
Using wandb
Liver Validation Complete: Loss: 0.0322, Dice: 0.9658
Right_kidney Validation Complete: Loss: 0.0142, Dice: 0.9835
Spleen Validation Complete: Loss: 0.0219, Dice: 0.9743
Pancreas Validation Complete: Loss: 0.0745, Dice: 0.9022
Aorta Validation Complete: Loss: 0.0259, Dice: 0.9716
Ivc Validation Complete: Loss: 0.0491, Dice: 0.9456
Right_adrenal_gland Validation Complete: Loss: 0.0389, Dice: 0.9566
Left_adrenal_gland Validation Complete: Loss: 0.0346, Dice: 0.9577
Gallbladder Validation Complete: Loss: 0.0323, Dice: 0.9651
Esophagus Validation Complete: Loss: 0.0300, Dice: 0.9659
Stomach Validation Complete: Loss: 0.0225, Dice: 0.9750
Left_kidney Validation Complete: Loss: 0.0111, Dice: 0.9876
Time: 20250618-1403, train_Loss: 0.016138743017706684, train_accuracy : 0.9821217881443948
Epoch 41/100
saved a better ckpt.
val loss: 0.032251911853434206
  Liver - Val Loss: 0.0322, Dice: 0.9658
  Right_kidney - Val Loss: 0.0142, Dice: 0.9835
  Spleen - Val Loss: 0.0219, Dice: 0.9743
  Pancreas - Val Loss: 0.0745, Dice: 0.9022
  Aorta - Val Loss: 0.0259, Dice: 0.9716
  Ivc - Val Loss: 0.0491, Dice: 0.9456
  Right_adrenal_gland - Val Loss: 0.0389, Dice: 0.9566
  Left_adrenal_gland - Val Loss: 0.0346, Dice: 0.9577
  Gallbladder - Val Loss: 0.0323, Dice: 0.9651
  Esophagus - Val Loss: 0.0300, Dice: 0.9659
  Stomach - Val Loss: 0.0225, Dice: 0.9750
  Left_kidney - Val Loss: 0.0111, Dice: 0.9876
Liver Validation Complete: Loss: 0.0198, Dice: 0.9861
Right_kidney Validation Complete: Loss: 0.0136, Dice: 0.9853
Spleen Validation Complete: Loss: 0.0145, Dice: 0.9862
Pancreas Validation Complete: Loss: 0.0539, Dice: 0.9341
Aorta Validation Complete: Loss: 0.0201, Dice: 0.9761
Ivc Validation Complete: Loss: 0.0367, Dice: 0.9589
Right_adrenal_gland Validation Complete: Loss: 0.0490, Dice: 0.9453
Left_adrenal_gland Validation Complete: Loss: 0.0445, Dice: 0.9430
Gallbladder Validation Complete: Loss: 0.0470, Dice: 0.9429
Esophagus Validation Complete: Loss: 0.0290, Dice: 0.9663
Stomach Validation Complete: Loss: 0.0240, Dice: 0.9732
Left_kidney Validation Complete: Loss: 0.0114, Dice: 0.9875
Time: 20250618-1452, train_Loss: 0.012949222984004284, train_accuracy : 0.9854236230765735
Epoch 42/100
saved a better ckpt.
val loss: 0.03028541460731761
  Liver - Val Loss: 0.0198, Dice: 0.9861
  Right_kidney - Val Loss: 0.0136, Dice: 0.9853
  Spleen - Val Loss: 0.0145, Dice: 0.9862
  Pancreas - Val Loss: 0.0539, Dice: 0.9341
  Aorta - Val Loss: 0.0201, Dice: 0.9761
  Ivc - Val Loss: 0.0367, Dice: 0.9589
  Right_adrenal_gland - Val Loss: 0.0490, Dice: 0.9453
  Left_adrenal_gland - Val Loss: 0.0445, Dice: 0.9430
  Gallbladder - Val Loss: 0.0470, Dice: 0.9429
  Esophagus - Val Loss: 0.0290, Dice: 0.9663
  Stomach - Val Loss: 0.0240, Dice: 0.9732
  Left_kidney - Val Loss: 0.0114, Dice: 0.9875
Liver Validation Complete: Loss: 0.0196, Dice: 0.9861
Right_kidney Validation Complete: Loss: 0.0136, Dice: 0.9854
Spleen Validation Complete: Loss: 0.0175, Dice: 0.9827
Pancreas Validation Complete: Loss: 0.0589, Dice: 0.9262
Aorta Validation Complete: Loss: 0.0322, Dice: 0.9610
Ivc Validation Complete: Loss: 0.0487, Dice: 0.9463
Right_adrenal_gland Validation Complete: Loss: 0.0588, Dice: 0.9275
Left_adrenal_gland Validation Complete: Loss: 0.0854, Dice: 0.8883
Gallbladder Validation Complete: Loss: 0.0501, Dice: 0.9376
Esophagus Validation Complete: Loss: 0.0307, Dice: 0.9642
Stomach Validation Complete: Loss: 0.0239, Dice: 0.9706
Left_kidney Validation Complete: Loss: 0.0147, Dice: 0.9866
Time: 20250618-1541, train_Loss: 0.012014928708961151, train_accuracy : 0.9861807375542875
Epoch 43/100
val loss: 0.03784292107972065
  Liver - Val Loss: 0.0196, Dice: 0.9861
  Right_kidney - Val Loss: 0.0136, Dice: 0.9854
  Spleen - Val Loss: 0.0175, Dice: 0.9827
  Pancreas - Val Loss: 0.0589, Dice: 0.9262
  Aorta - Val Loss: 0.0322, Dice: 0.9610
  Ivc - Val Loss: 0.0487, Dice: 0.9463
  Right_adrenal_gland - Val Loss: 0.0588, Dice: 0.9275
  Left_adrenal_gland - Val Loss: 0.0854, Dice: 0.8883
  Gallbladder - Val Loss: 0.0501, Dice: 0.9376
  Esophagus - Val Loss: 0.0307, Dice: 0.9642
  Stomach - Val Loss: 0.0239, Dice: 0.9706
  Left_kidney - Val Loss: 0.0147, Dice: 0.9866
Liver Validation Complete: Loss: 0.6338, Dice: 0.4829
Right_kidney Validation Complete: Loss: 0.0159, Dice: 0.9826
Spleen Validation Complete: Loss: 0.6338, Dice: 0.4221
Pancreas Validation Complete: Loss: 0.3280, Dice: 0.5839
Aorta Validation Complete: Loss: 0.0497, Dice: 0.9508
Ivc Validation Complete: Loss: 0.0694, Dice: 0.9269
Right_adrenal_gland Validation Complete: Loss: 0.0429, Dice: 0.9510
Left_adrenal_gland Validation Complete: Loss: 0.0460, Dice: 0.9434
Gallbladder Validation Complete: Loss: 0.0245, Dice: 0.9749
Esophagus Validation Complete: Loss: 0.0307, Dice: 0.9635
Stomach Validation Complete: Loss: 0.0182, Dice: 0.9810
Left_kidney Validation Complete: Loss: 0.0145, Dice: 0.9840
Time: 20250618-1631, train_Loss: 0.011064211610029776, train_accuracy : 0.9871349017627888
Epoch 44/100
val loss: 0.1589634141472604
  Liver - Val Loss: 0.6338, Dice: 0.4829
  Right_kidney - Val Loss: 0.0159, Dice: 0.9826
  Spleen - Val Loss: 0.6338, Dice: 0.4221
  Pancreas - Val Loss: 0.3280, Dice: 0.5839
  Aorta - Val Loss: 0.0497, Dice: 0.9508
  Ivc - Val Loss: 0.0694, Dice: 0.9269
  Right_adrenal_gland - Val Loss: 0.0429, Dice: 0.9510
  Left_adrenal_gland - Val Loss: 0.0460, Dice: 0.9434
  Gallbladder - Val Loss: 0.0245, Dice: 0.9749
  Esophagus - Val Loss: 0.0307, Dice: 0.9635
  Stomach - Val Loss: 0.0182, Dice: 0.9810
  Left_kidney - Val Loss: 0.0145, Dice: 0.9840
Liver Validation Complete: Loss: 0.0398, Dice: 0.9691
Right_kidney Validation Complete: Loss: 0.0154, Dice: 0.9830
Spleen Validation Complete: Loss: 0.0610, Dice: 0.9297
Pancreas Validation Complete: Loss: 0.1083, Dice: 0.8619
Aorta Validation Complete: Loss: 0.0246, Dice: 0.9707
Ivc Validation Complete: Loss: 0.0418, Dice: 0.9545
Right_adrenal_gland Validation Complete: Loss: 0.0414, Dice: 0.9537
Left_adrenal_gland Validation Complete: Loss: 0.0336, Dice: 0.9595
Gallbladder Validation Complete: Loss: 0.0301, Dice: 0.9700
Esophagus Validation Complete: Loss: 0.0290, Dice: 0.9667
Stomach Validation Complete: Loss: 0.0161, Dice: 0.9834
Left_kidney Validation Complete: Loss: 0.0128, Dice: 0.9860
Time: 20250618-1720, train_Loss: 0.011657766957551134, train_accuracy : 0.9865808470857531
Epoch 45/100
val loss: 0.03781720393871496
  Liver - Val Loss: 0.0398, Dice: 0.9691
  Right_kidney - Val Loss: 0.0154, Dice: 0.9830
  Spleen - Val Loss: 0.0610, Dice: 0.9297
  Pancreas - Val Loss: 0.1083, Dice: 0.8619
  Aorta - Val Loss: 0.0246, Dice: 0.9707
  Ivc - Val Loss: 0.0418, Dice: 0.9545
  Right_adrenal_gland - Val Loss: 0.0414, Dice: 0.9537
  Left_adrenal_gland - Val Loss: 0.0336, Dice: 0.9595
  Gallbladder - Val Loss: 0.0301, Dice: 0.9700
  Esophagus - Val Loss: 0.0290, Dice: 0.9667
  Stomach - Val Loss: 0.0161, Dice: 0.9834
  Left_kidney - Val Loss: 0.0128, Dice: 0.9860
Liver Validation Complete: Loss: 0.0194, Dice: 0.9845
Right_kidney Validation Complete: Loss: 0.0140, Dice: 0.9849
Spleen Validation Complete: Loss: 0.0298, Dice: 0.9669
Pancreas Validation Complete: Loss: 0.0746, Dice: 0.9063
Aorta Validation Complete: Loss: 0.0243, Dice: 0.9714
Ivc Validation Complete: Loss: 0.0320, Dice: 0.9642
Right_adrenal_gland Validation Complete: Loss: 0.0380, Dice: 0.9576
Left_adrenal_gland Validation Complete: Loss: 0.0325, Dice: 0.9602
Gallbladder Validation Complete: Loss: 0.0289, Dice: 0.9707
Esophagus Validation Complete: Loss: 0.0298, Dice: 0.9663
Stomach Validation Complete: Loss: 0.0162, Dice: 0.9839
Left_kidney Validation Complete: Loss: 0.0126, Dice: 0.9864
Time: 20250618-1809, train_Loss: 0.008857486209229624, train_accuracy : 0.9895314173503763
Epoch 46/100
saved a better ckpt.
val loss: 0.029350833483094935
  Liver - Val Loss: 0.0194, Dice: 0.9845
  Right_kidney - Val Loss: 0.0140, Dice: 0.9849
  Spleen - Val Loss: 0.0298, Dice: 0.9669
  Pancreas - Val Loss: 0.0746, Dice: 0.9063
  Aorta - Val Loss: 0.0243, Dice: 0.9714
  Ivc - Val Loss: 0.0320, Dice: 0.9642
  Right_adrenal_gland - Val Loss: 0.0380, Dice: 0.9576
  Left_adrenal_gland - Val Loss: 0.0325, Dice: 0.9602
  Gallbladder - Val Loss: 0.0289, Dice: 0.9707
  Esophagus - Val Loss: 0.0298, Dice: 0.9663
  Stomach - Val Loss: 0.0162, Dice: 0.9839
  Left_kidney - Val Loss: 0.0126, Dice: 0.9864
Liver Validation Complete: Loss: 0.0223, Dice: 0.9809
Right_kidney Validation Complete: Loss: 0.0157, Dice: 0.9836
Spleen Validation Complete: Loss: 0.0419, Dice: 0.9516
Pancreas Validation Complete: Loss: 0.0812, Dice: 0.8964
Aorta Validation Complete: Loss: 0.0263, Dice: 0.9683
Ivc Validation Complete: Loss: 0.0656, Dice: 0.9275
Right_adrenal_gland Validation Complete: Loss: 0.0449, Dice: 0.9514
Left_adrenal_gland Validation Complete: Loss: 0.0363, Dice: 0.9558
Gallbladder Validation Complete: Loss: 0.0283, Dice: 0.9691
Esophagus Validation Complete: Loss: 0.0310, Dice: 0.9644
Stomach Validation Complete: Loss: 0.0164, Dice: 0.9840
Left_kidney Validation Complete: Loss: 0.0135, Dice: 0.9856
Time: 20250618-1858, train_Loss: 0.009489358380500168, train_accuracy : 0.9887139799789005
Epoch 47/100
val loss: 0.03527895747686478
  Liver - Val Loss: 0.0223, Dice: 0.9809
  Right_kidney - Val Loss: 0.0157, Dice: 0.9836
  Spleen - Val Loss: 0.0419, Dice: 0.9516
  Pancreas - Val Loss: 0.0812, Dice: 0.8964
  Aorta - Val Loss: 0.0263, Dice: 0.9683
  Ivc - Val Loss: 0.0656, Dice: 0.9275
  Right_adrenal_gland - Val Loss: 0.0449, Dice: 0.9514
  Left_adrenal_gland - Val Loss: 0.0363, Dice: 0.9558
  Gallbladder - Val Loss: 0.0283, Dice: 0.9691
  Esophagus - Val Loss: 0.0310, Dice: 0.9644
  Stomach - Val Loss: 0.0164, Dice: 0.9840
  Left_kidney - Val Loss: 0.0135, Dice: 0.9856
Liver Validation Complete: Loss: 0.0156, Dice: 0.9875
Right_kidney Validation Complete: Loss: 0.0142, Dice: 0.9855
Spleen Validation Complete: Loss: 0.0151, Dice: 0.9853
Pancreas Validation Complete: Loss: 0.0656, Dice: 0.9238
Aorta Validation Complete: Loss: 0.0239, Dice: 0.9717
Ivc Validation Complete: Loss: 0.0321, Dice: 0.9635
Right_adrenal_gland Validation Complete: Loss: 0.0451, Dice: 0.9497
Left_adrenal_gland Validation Complete: Loss: 0.0377, Dice: 0.9554
Gallbladder Validation Complete: Loss: 0.0285, Dice: 0.9696
Esophagus Validation Complete: Loss: 0.0319, Dice: 0.9628
Stomach Validation Complete: Loss: 0.0171, Dice: 0.9832
Left_kidney Validation Complete: Loss: 0.0126, Dice: 0.9865
Time: 20250618-1948, train_Loss: 0.008584897871844842, train_accuracy : 0.9897917583049103
Epoch 48/100
saved a better ckpt.
val loss: 0.028295424577059528
  Liver - Val Loss: 0.0156, Dice: 0.9875
  Right_kidney - Val Loss: 0.0142, Dice: 0.9855
  Spleen - Val Loss: 0.0151, Dice: 0.9853
  Pancreas - Val Loss: 0.0656, Dice: 0.9238
  Aorta - Val Loss: 0.0239, Dice: 0.9717
  Ivc - Val Loss: 0.0321, Dice: 0.9635
  Right_adrenal_gland - Val Loss: 0.0451, Dice: 0.9497
  Left_adrenal_gland - Val Loss: 0.0377, Dice: 0.9554
  Gallbladder - Val Loss: 0.0285, Dice: 0.9696
  Esophagus - Val Loss: 0.0319, Dice: 0.9628
  Stomach - Val Loss: 0.0171, Dice: 0.9832
  Left_kidney - Val Loss: 0.0126, Dice: 0.9865
Liver Validation Complete: Loss: 0.0156, Dice: 0.9881
Right_kidney Validation Complete: Loss: 0.0145, Dice: 0.9851
Spleen Validation Complete: Loss: 0.0135, Dice: 0.9866
Pancreas Validation Complete: Loss: 0.0567, Dice: 0.9359
Aorta Validation Complete: Loss: 0.0262, Dice: 0.9702
Ivc Validation Complete: Loss: 0.0719, Dice: 0.9313
Right_adrenal_gland Validation Complete: Loss: 0.0461, Dice: 0.9502
Left_adrenal_gland Validation Complete: Loss: 0.0385, Dice: 0.9557
Gallbladder Validation Complete: Loss: 0.0378, Dice: 0.9639
Esophagus Validation Complete: Loss: 0.0295, Dice: 0.9667
Stomach Validation Complete: Loss: 0.0178, Dice: 0.9827
Left_kidney Validation Complete: Loss: 0.0132, Dice: 0.9859
Time: 20250618-2037, train_Loss: 0.007931385067427205, train_accuracy : 0.9904877778109354
Epoch 49/100
val loss: 0.031779312158057835
  Liver - Val Loss: 0.0156, Dice: 0.9881
  Right_kidney - Val Loss: 0.0145, Dice: 0.9851
  Spleen - Val Loss: 0.0135, Dice: 0.9866
  Pancreas - Val Loss: 0.0567, Dice: 0.9359
  Aorta - Val Loss: 0.0262, Dice: 0.9702
  Ivc - Val Loss: 0.0719, Dice: 0.9313
  Right_adrenal_gland - Val Loss: 0.0461, Dice: 0.9502
  Left_adrenal_gland - Val Loss: 0.0385, Dice: 0.9557
  Gallbladder - Val Loss: 0.0378, Dice: 0.9639
  Esophagus - Val Loss: 0.0295, Dice: 0.9667
  Stomach - Val Loss: 0.0178, Dice: 0.9827
  Left_kidney - Val Loss: 0.0132, Dice: 0.9859
Liver Validation Complete: Loss: 0.0191, Dice: 0.9837
Right_kidney Validation Complete: Loss: 0.0145, Dice: 0.9848
Spleen Validation Complete: Loss: 0.0173, Dice: 0.9822
Pancreas Validation Complete: Loss: 0.0591, Dice: 0.9321
Aorta Validation Complete: Loss: 0.0263, Dice: 0.9705
Ivc Validation Complete: Loss: 0.1095, Dice: 0.8987
Right_adrenal_gland Validation Complete: Loss: 0.0432, Dice: 0.9533
Left_adrenal_gland Validation Complete: Loss: 0.0398, Dice: 0.9524
Gallbladder Validation Complete: Loss: 0.0282, Dice: 0.9703
Esophagus Validation Complete: Loss: 0.0302, Dice: 0.9658
Stomach Validation Complete: Loss: 0.0174, Dice: 0.9826
Left_kidney Validation Complete: Loss: 0.0133, Dice: 0.9857
Time: 20250618-2126, train_Loss: 0.008748571150559919, train_accuracy : 0.9896747373836025
Epoch 50/100
val loss: 0.03482298174433124
  Liver - Val Loss: 0.0191, Dice: 0.9837
  Right_kidney - Val Loss: 0.0145, Dice: 0.9848
  Spleen - Val Loss: 0.0173, Dice: 0.9822
  Pancreas - Val Loss: 0.0591, Dice: 0.9321
  Aorta - Val Loss: 0.0263, Dice: 0.9705
  Ivc - Val Loss: 0.1095, Dice: 0.8987
  Right_adrenal_gland - Val Loss: 0.0432, Dice: 0.9533
  Left_adrenal_gland - Val Loss: 0.0398, Dice: 0.9524
  Gallbladder - Val Loss: 0.0282, Dice: 0.9703
  Esophagus - Val Loss: 0.0302, Dice: 0.9658
  Stomach - Val Loss: 0.0174, Dice: 0.9826
  Left_kidney - Val Loss: 0.0133, Dice: 0.9857
Liver Validation Complete: Loss: 0.0148, Dice: 0.9884
Right_kidney Validation Complete: Loss: 0.0152, Dice: 0.9845
Spleen Validation Complete: Loss: 0.0147, Dice: 0.9858
Pancreas Validation Complete: Loss: 0.0610, Dice: 0.9266
Aorta Validation Complete: Loss: 0.0237, Dice: 0.9736
Ivc Validation Complete: Loss: 0.0311, Dice: 0.9661
Right_adrenal_gland Validation Complete: Loss: 0.0445, Dice: 0.9509
Left_adrenal_gland Validation Complete: Loss: 0.0361, Dice: 0.9565
Gallbladder Validation Complete: Loss: 0.0318, Dice: 0.9676
Esophagus Validation Complete: Loss: 0.0313, Dice: 0.9649
Stomach Validation Complete: Loss: 0.0178, Dice: 0.9832
Left_kidney Validation Complete: Loss: 0.0138, Dice: 0.9857
Time: 20250618-2216, train_Loss: 0.007443449977038565, train_accuracy : 0.9910766505479558
Epoch 51/100
saved a better ckpt.
val loss: 0.027993373820879304
  Liver - Val Loss: 0.0148, Dice: 0.9884
  Right_kidney - Val Loss: 0.0152, Dice: 0.9845
  Spleen - Val Loss: 0.0147, Dice: 0.9858
  Pancreas - Val Loss: 0.0610, Dice: 0.9266
  Aorta - Val Loss: 0.0237, Dice: 0.9736
  Ivc - Val Loss: 0.0311, Dice: 0.9661
  Right_adrenal_gland - Val Loss: 0.0445, Dice: 0.9509
  Left_adrenal_gland - Val Loss: 0.0361, Dice: 0.9565
  Gallbladder - Val Loss: 0.0318, Dice: 0.9676
  Esophagus - Val Loss: 0.0313, Dice: 0.9649
  Stomach - Val Loss: 0.0178, Dice: 0.9832
  Left_kidney - Val Loss: 0.0138, Dice: 0.9857
Liver Validation Complete: Loss: 0.0161, Dice: 0.9875
Right_kidney Validation Complete: Loss: 0.0155, Dice: 0.9840
Spleen Validation Complete: Loss: 0.0185, Dice: 0.9813
Pancreas Validation Complete: Loss: 0.0623, Dice: 0.9288
Aorta Validation Complete: Loss: 0.0215, Dice: 0.9745
Ivc Validation Complete: Loss: 0.0446, Dice: 0.9485
Right_adrenal_gland Validation Complete: Loss: 0.0545, Dice: 0.9416
Left_adrenal_gland Validation Complete: Loss: 0.0472, Dice: 0.9433
Gallbladder Validation Complete: Loss: 0.0370, Dice: 0.9633
Esophagus Validation Complete: Loss: 0.0330, Dice: 0.9625
Stomach Validation Complete: Loss: 0.0183, Dice: 0.9828
Left_kidney Validation Complete: Loss: 0.0137, Dice: 0.9857
Time: 20250618-2305, train_Loss: 0.007455433837612165, train_accuracy : 0.9911395710408054
Epoch 52/100
val loss: 0.031842147037595546
  Liver - Val Loss: 0.0161, Dice: 0.9875
  Right_kidney - Val Loss: 0.0155, Dice: 0.9840
  Spleen - Val Loss: 0.0185, Dice: 0.9813
  Pancreas - Val Loss: 0.0623, Dice: 0.9288
  Aorta - Val Loss: 0.0215, Dice: 0.9745
  Ivc - Val Loss: 0.0446, Dice: 0.9485
  Right_adrenal_gland - Val Loss: 0.0545, Dice: 0.9416
  Left_adrenal_gland - Val Loss: 0.0472, Dice: 0.9433
  Gallbladder - Val Loss: 0.0370, Dice: 0.9633
  Esophagus - Val Loss: 0.0330, Dice: 0.9625
  Stomach - Val Loss: 0.0183, Dice: 0.9828
  Left_kidney - Val Loss: 0.0137, Dice: 0.9857
Liver Validation Complete: Loss: 0.0220, Dice: 0.9840
Right_kidney Validation Complete: Loss: 0.0157, Dice: 0.9840
Spleen Validation Complete: Loss: 0.0354, Dice: 0.9643
Pancreas Validation Complete: Loss: 0.0900, Dice: 0.8880
Aorta Validation Complete: Loss: 0.0241, Dice: 0.9719
Ivc Validation Complete: Loss: 0.0426, Dice: 0.9537
Right_adrenal_gland Validation Complete: Loss: 0.0435, Dice: 0.9519
Left_adrenal_gland Validation Complete: Loss: 0.0592, Dice: 0.9264
Gallbladder Validation Complete: Loss: 0.0397, Dice: 0.9605
Esophagus Validation Complete: Loss: 0.0375, Dice: 0.9574
Stomach Validation Complete: Loss: 0.0236, Dice: 0.9786
Left_kidney Validation Complete: Loss: 0.0144, Dice: 0.9847
Time: 20250618-2354, train_Loss: 0.00732555637139457, train_accuracy : 0.9914148839396069
Epoch 53/100
val loss: 0.03730495829676344
  Liver - Val Loss: 0.0220, Dice: 0.9840
  Right_kidney - Val Loss: 0.0157, Dice: 0.9840
  Spleen - Val Loss: 0.0354, Dice: 0.9643
  Pancreas - Val Loss: 0.0900, Dice: 0.8880
  Aorta - Val Loss: 0.0241, Dice: 0.9719
  Ivc - Val Loss: 0.0426, Dice: 0.9537
  Right_adrenal_gland - Val Loss: 0.0435, Dice: 0.9519
  Left_adrenal_gland - Val Loss: 0.0592, Dice: 0.9264
  Gallbladder - Val Loss: 0.0397, Dice: 0.9605
  Esophagus - Val Loss: 0.0375, Dice: 0.9574
  Stomach - Val Loss: 0.0236, Dice: 0.9786
  Left_kidney - Val Loss: 0.0144, Dice: 0.9847
Liver Validation Complete: Loss: 0.0197, Dice: 0.9841
Right_kidney Validation Complete: Loss: 0.0160, Dice: 0.9838
Spleen Validation Complete: Loss: 0.0318, Dice: 0.9671
Pancreas Validation Complete: Loss: 0.0959, Dice: 0.8856
Aorta Validation Complete: Loss: 0.0289, Dice: 0.9671
Ivc Validation Complete: Loss: 0.0593, Dice: 0.9362
Right_adrenal_gland Validation Complete: Loss: 0.0515, Dice: 0.9432
Left_adrenal_gland Validation Complete: Loss: 0.1192, Dice: 0.8597
Gallbladder Validation Complete: Loss: 0.0397, Dice: 0.9641
Esophagus Validation Complete: Loss: 0.0576, Dice: 0.9302
Stomach Validation Complete: Loss: 0.0227, Dice: 0.9784
Left_kidney Validation Complete: Loss: 0.0145, Dice: 0.9848
Time: 20250619-0043, train_Loss: 0.007747924477782252, train_accuracy : 0.9908690635087694
Epoch 54/100
val loss: 0.046392985007177874
  Liver - Val Loss: 0.0197, Dice: 0.9841
  Right_kidney - Val Loss: 0.0160, Dice: 0.9838
  Spleen - Val Loss: 0.0318, Dice: 0.9671
  Pancreas - Val Loss: 0.0959, Dice: 0.8856
  Aorta - Val Loss: 0.0289, Dice: 0.9671
  Ivc - Val Loss: 0.0593, Dice: 0.9362
  Right_adrenal_gland - Val Loss: 0.0515, Dice: 0.9432
  Left_adrenal_gland - Val Loss: 0.1192, Dice: 0.8597
  Gallbladder - Val Loss: 0.0397, Dice: 0.9641
  Esophagus - Val Loss: 0.0576, Dice: 0.9302
  Stomach - Val Loss: 0.0227, Dice: 0.9784
  Left_kidney - Val Loss: 0.0145, Dice: 0.9848
Liver Validation Complete: Loss: 0.0206, Dice: 0.9836
Right_kidney Validation Complete: Loss: 0.0160, Dice: 0.9837
Spleen Validation Complete: Loss: 0.0245, Dice: 0.9736
Pancreas Validation Complete: Loss: 0.0953, Dice: 0.8859
Aorta Validation Complete: Loss: 0.0228, Dice: 0.9744
Ivc Validation Complete: Loss: 0.0349, Dice: 0.9607
Right_adrenal_gland Validation Complete: Loss: 0.0463, Dice: 0.9507
Left_adrenal_gland Validation Complete: Loss: 0.0399, Dice: 0.9530
Gallbladder Validation Complete: Loss: 0.0495, Dice: 0.9522
Esophagus Validation Complete: Loss: 0.0331, Dice: 0.9625
Stomach Validation Complete: Loss: 0.0193, Dice: 0.9821
Left_kidney Validation Complete: Loss: 0.0143, Dice: 0.9850
Time: 20250619-0133, train_Loss: 0.007876662797128233, train_accuracy : 0.9906834098348685
Epoch 55/100
val loss: 0.03471760410421957
  Liver - Val Loss: 0.0206, Dice: 0.9836
  Right_kidney - Val Loss: 0.0160, Dice: 0.9837
  Spleen - Val Loss: 0.0245, Dice: 0.9736
  Pancreas - Val Loss: 0.0953, Dice: 0.8859
  Aorta - Val Loss: 0.0228, Dice: 0.9744
  Ivc - Val Loss: 0.0349, Dice: 0.9607
  Right_adrenal_gland - Val Loss: 0.0463, Dice: 0.9507
  Left_adrenal_gland - Val Loss: 0.0399, Dice: 0.9530
  Gallbladder - Val Loss: 0.0495, Dice: 0.9522
  Esophagus - Val Loss: 0.0331, Dice: 0.9625
  Stomach - Val Loss: 0.0193, Dice: 0.9821
  Left_kidney - Val Loss: 0.0143, Dice: 0.9850
Liver Validation Complete: Loss: 0.0164, Dice: 0.9878
Right_kidney Validation Complete: Loss: 0.0159, Dice: 0.9842
Spleen Validation Complete: Loss: 0.0178, Dice: 0.9857
Pancreas Validation Complete: Loss: 0.0815, Dice: 0.9087
Aorta Validation Complete: Loss: 0.0243, Dice: 0.9731
Ivc Validation Complete: Loss: 0.0417, Dice: 0.9547
Right_adrenal_gland Validation Complete: Loss: 0.0531, Dice: 0.9444
Left_adrenal_gland Validation Complete: Loss: 0.0443, Dice: 0.9475
Gallbladder Validation Complete: Loss: 0.0421, Dice: 0.9609
Esophagus Validation Complete: Loss: 0.0342, Dice: 0.9624
Stomach Validation Complete: Loss: 0.0196, Dice: 0.9808
Left_kidney Validation Complete: Loss: 0.0144, Dice: 0.9851
Time: 20250619-0222, train_Loss: 0.006719965178915407, train_accuracy : 0.9921158565338952
Epoch 56/100
val loss: 0.03377819053351271
  Liver - Val Loss: 0.0164, Dice: 0.9878
  Right_kidney - Val Loss: 0.0159, Dice: 0.9842
  Spleen - Val Loss: 0.0178, Dice: 0.9857
  Pancreas - Val Loss: 0.0815, Dice: 0.9087
  Aorta - Val Loss: 0.0243, Dice: 0.9731
  Ivc - Val Loss: 0.0417, Dice: 0.9547
  Right_adrenal_gland - Val Loss: 0.0531, Dice: 0.9444
  Left_adrenal_gland - Val Loss: 0.0443, Dice: 0.9475
  Gallbladder - Val Loss: 0.0421, Dice: 0.9609
  Esophagus - Val Loss: 0.0342, Dice: 0.9624
  Stomach - Val Loss: 0.0196, Dice: 0.9808
  Left_kidney - Val Loss: 0.0144, Dice: 0.9851
Liver Validation Complete: Loss: 0.0173, Dice: 0.9873
Right_kidney Validation Complete: Loss: 0.0164, Dice: 0.9842
Spleen Validation Complete: Loss: 0.0240, Dice: 0.9789
Pancreas Validation Complete: Loss: 0.0873, Dice: 0.8937
Aorta Validation Complete: Loss: 0.0287, Dice: 0.9688
Ivc Validation Complete: Loss: 0.0422, Dice: 0.9536
Right_adrenal_gland Validation Complete: Loss: 0.0518, Dice: 0.9449
Left_adrenal_gland Validation Complete: Loss: 0.0524, Dice: 0.9366
Gallbladder Validation Complete: Loss: 0.0412, Dice: 0.9594
Esophagus Validation Complete: Loss: 0.0369, Dice: 0.9588
Stomach Validation Complete: Loss: 0.0191, Dice: 0.9818
Left_kidney Validation Complete: Loss: 0.0148, Dice: 0.9851
Time: 20250619-0311, train_Loss: 0.00618542974207951, train_accuracy : 0.9928687536342296
Epoch 57/100
val loss: 0.03601461090716263
  Liver - Val Loss: 0.0173, Dice: 0.9873
  Right_kidney - Val Loss: 0.0164, Dice: 0.9842
  Spleen - Val Loss: 0.0240, Dice: 0.9789
  Pancreas - Val Loss: 0.0873, Dice: 0.8937
  Aorta - Val Loss: 0.0287, Dice: 0.9688
  Ivc - Val Loss: 0.0422, Dice: 0.9536
  Right_adrenal_gland - Val Loss: 0.0518, Dice: 0.9449
  Left_adrenal_gland - Val Loss: 0.0524, Dice: 0.9366
  Gallbladder - Val Loss: 0.0412, Dice: 0.9594
  Esophagus - Val Loss: 0.0369, Dice: 0.9588
  Stomach - Val Loss: 0.0191, Dice: 0.9818
  Left_kidney - Val Loss: 0.0148, Dice: 0.9851
Liver Validation Complete: Loss: 0.0163, Dice: 0.9878
Right_kidney Validation Complete: Loss: 0.0162, Dice: 0.9842
Spleen Validation Complete: Loss: 0.0306, Dice: 0.9678
Pancreas Validation Complete: Loss: 0.0963, Dice: 0.8847
Aorta Validation Complete: Loss: 0.0276, Dice: 0.9690
Ivc Validation Complete: Loss: 0.0455, Dice: 0.9499
Right_adrenal_gland Validation Complete: Loss: 0.0529, Dice: 0.9429
Left_adrenal_gland Validation Complete: Loss: 0.0556, Dice: 0.9326
Gallbladder Validation Complete: Loss: 0.0396, Dice: 0.9624
Esophagus Validation Complete: Loss: 0.0359, Dice: 0.9608
Stomach Validation Complete: Loss: 0.0198, Dice: 0.9813
Left_kidney Validation Complete: Loss: 0.0151, Dice: 0.9850
Time: 20250619-0400, train_Loss: 0.006214481877542676, train_accuracy : 0.9928763230285861
Epoch 58/100
val loss: 0.03759014092801136
  Liver - Val Loss: 0.0163, Dice: 0.9878
  Right_kidney - Val Loss: 0.0162, Dice: 0.9842
  Spleen - Val Loss: 0.0306, Dice: 0.9678
  Pancreas - Val Loss: 0.0963, Dice: 0.8847
  Aorta - Val Loss: 0.0276, Dice: 0.9690
  Ivc - Val Loss: 0.0455, Dice: 0.9499
  Right_adrenal_gland - Val Loss: 0.0529, Dice: 0.9429
  Left_adrenal_gland - Val Loss: 0.0556, Dice: 0.9326
  Gallbladder - Val Loss: 0.0396, Dice: 0.9624
  Esophagus - Val Loss: 0.0359, Dice: 0.9608
  Stomach - Val Loss: 0.0198, Dice: 0.9813
  Left_kidney - Val Loss: 0.0151, Dice: 0.9850
Liver Validation Complete: Loss: 0.0197, Dice: 0.9846
Right_kidney Validation Complete: Loss: 0.0179, Dice: 0.9823
Spleen Validation Complete: Loss: 0.0218, Dice: 0.9822
Pancreas Validation Complete: Loss: 0.1760, Dice: 0.7904
Aorta Validation Complete: Loss: 0.0587, Dice: 0.9445
Ivc Validation Complete: Loss: 0.0551, Dice: 0.9362
Right_adrenal_gland Validation Complete: Loss: 0.0819, Dice: 0.9138
Left_adrenal_gland Validation Complete: Loss: 0.0630, Dice: 0.9256
Gallbladder Validation Complete: Loss: 0.0472, Dice: 0.9606
Esophagus Validation Complete: Loss: 0.0388, Dice: 0.9560
Stomach Validation Complete: Loss: 0.0207, Dice: 0.9805
Left_kidney Validation Complete: Loss: 0.0156, Dice: 0.9844
Time: 20250619-0449, train_Loss: 0.00732281945484757, train_accuracy : 0.9915389257284247
Epoch 59/100
val loss: 0.051376225238418415
  Liver - Val Loss: 0.0197, Dice: 0.9846
  Right_kidney - Val Loss: 0.0179, Dice: 0.9823
  Spleen - Val Loss: 0.0218, Dice: 0.9822
  Pancreas - Val Loss: 0.1760, Dice: 0.7904
  Aorta - Val Loss: 0.0587, Dice: 0.9445
  Ivc - Val Loss: 0.0551, Dice: 0.9362
  Right_adrenal_gland - Val Loss: 0.0819, Dice: 0.9138
  Left_adrenal_gland - Val Loss: 0.0630, Dice: 0.9256
  Gallbladder - Val Loss: 0.0472, Dice: 0.9606
  Esophagus - Val Loss: 0.0388, Dice: 0.9560
  Stomach - Val Loss: 0.0207, Dice: 0.9805
  Left_kidney - Val Loss: 0.0156, Dice: 0.9844
Liver Validation Complete: Loss: 0.0164, Dice: 0.9871
Right_kidney Validation Complete: Loss: 0.0166, Dice: 0.9833
Spleen Validation Complete: Loss: 0.0187, Dice: 0.9819
Pancreas Validation Complete: Loss: 0.1111, Dice: 0.8679
Aorta Validation Complete: Loss: 0.0252, Dice: 0.9702
Ivc Validation Complete: Loss: 0.0568, Dice: 0.9359
Right_adrenal_gland Validation Complete: Loss: 0.0596, Dice: 0.9352
Left_adrenal_gland Validation Complete: Loss: 0.0510, Dice: 0.9398
Gallbladder Validation Complete: Loss: 0.0357, Dice: 0.9667
Esophagus Validation Complete: Loss: 0.0336, Dice: 0.9641
Stomach Validation Complete: Loss: 0.0201, Dice: 0.9815
Left_kidney Validation Complete: Loss: 0.0154, Dice: 0.9848
Time: 20250619-0539, train_Loss: 0.006314663446546215, train_accuracy : 0.9928038337574132
Epoch 60/100
val loss: 0.03834524125362312
  Liver - Val Loss: 0.0164, Dice: 0.9871
  Right_kidney - Val Loss: 0.0166, Dice: 0.9833
  Spleen - Val Loss: 0.0187, Dice: 0.9819
  Pancreas - Val Loss: 0.1111, Dice: 0.8679
  Aorta - Val Loss: 0.0252, Dice: 0.9702
  Ivc - Val Loss: 0.0568, Dice: 0.9359
  Right_adrenal_gland - Val Loss: 0.0596, Dice: 0.9352
  Left_adrenal_gland - Val Loss: 0.0510, Dice: 0.9398
  Gallbladder - Val Loss: 0.0357, Dice: 0.9667
  Esophagus - Val Loss: 0.0336, Dice: 0.9641
  Stomach - Val Loss: 0.0201, Dice: 0.9815
  Left_kidney - Val Loss: 0.0154, Dice: 0.9848
Liver Validation Complete: Loss: 0.0299, Dice: 0.9789
Right_kidney Validation Complete: Loss: 0.0364, Dice: 0.9582
Spleen Validation Complete: Loss: 0.0424, Dice: 0.9562
Pancreas Validation Complete: Loss: 0.1206, Dice: 0.8447
Aorta Validation Complete: Loss: 0.0307, Dice: 0.9680
Ivc Validation Complete: Loss: 0.1276, Dice: 0.8499
Right_adrenal_gland Validation Complete: Loss: 0.0530, Dice: 0.9432
Left_adrenal_gland Validation Complete: Loss: 0.0672, Dice: 0.9210
Gallbladder Validation Complete: Loss: 0.0643, Dice: 0.9380
Esophagus Validation Complete: Loss: 0.0368, Dice: 0.9605
Stomach Validation Complete: Loss: 0.0210, Dice: 0.9815
Left_kidney Validation Complete: Loss: 0.0159, Dice: 0.9847
Time: 20250619-0628, train_Loss: 0.006499505940823789, train_accuracy : 0.9925476394035101
Epoch 61/100
val loss: 0.05382460967316707
  Liver - Val Loss: 0.0299, Dice: 0.9789
  Right_kidney - Val Loss: 0.0364, Dice: 0.9582
  Spleen - Val Loss: 0.0424, Dice: 0.9562
  Pancreas - Val Loss: 0.1206, Dice: 0.8447
  Aorta - Val Loss: 0.0307, Dice: 0.9680
  Ivc - Val Loss: 0.1276, Dice: 0.8499
  Right_adrenal_gland - Val Loss: 0.0530, Dice: 0.9432
  Left_adrenal_gland - Val Loss: 0.0672, Dice: 0.9210
  Gallbladder - Val Loss: 0.0643, Dice: 0.9380
  Esophagus - Val Loss: 0.0368, Dice: 0.9605
  Stomach - Val Loss: 0.0210, Dice: 0.9815
  Left_kidney - Val Loss: 0.0159, Dice: 0.9847
Liver Validation Complete: Loss: 0.0186, Dice: 0.9857
Right_kidney Validation Complete: Loss: 0.0181, Dice: 0.9833
Spleen Validation Complete: Loss: 0.0479, Dice: 0.9450
Pancreas Validation Complete: Loss: 0.1385, Dice: 0.8406
Aorta Validation Complete: Loss: 0.0230, Dice: 0.9752
Ivc Validation Complete: Loss: 0.0530, Dice: 0.9420
Right_adrenal_gland Validation Complete: Loss: 0.0621, Dice: 0.9320
Left_adrenal_gland Validation Complete: Loss: 0.1046, Dice: 0.8683
Gallbladder Validation Complete: Loss: 0.0594, Dice: 0.9368
Esophagus Validation Complete: Loss: 0.0376, Dice: 0.9603
Stomach Validation Complete: Loss: 0.0201, Dice: 0.9814
Left_kidney Validation Complete: Loss: 0.0160, Dice: 0.9845
Time: 20250619-0717, train_Loss: 0.0058671985763665314, train_accuracy : 0.9934904597444616
Epoch 62/100
val loss: 0.0499132604940042
  Liver - Val Loss: 0.0186, Dice: 0.9857
  Right_kidney - Val Loss: 0.0181, Dice: 0.9833
  Spleen - Val Loss: 0.0479, Dice: 0.9450
  Pancreas - Val Loss: 0.1385, Dice: 0.8406
  Aorta - Val Loss: 0.0230, Dice: 0.9752
  Ivc - Val Loss: 0.0530, Dice: 0.9420
  Right_adrenal_gland - Val Loss: 0.0621, Dice: 0.9320
  Left_adrenal_gland - Val Loss: 0.1046, Dice: 0.8683
  Gallbladder - Val Loss: 0.0594, Dice: 0.9368
  Esophagus - Val Loss: 0.0376, Dice: 0.9603
  Stomach - Val Loss: 0.0201, Dice: 0.9814
  Left_kidney - Val Loss: 0.0160, Dice: 0.9845
Liver Validation Complete: Loss: 0.0194, Dice: 0.9855
Right_kidney Validation Complete: Loss: 0.0174, Dice: 0.9830
Spleen Validation Complete: Loss: 0.0253, Dice: 0.9738
Pancreas Validation Complete: Loss: 0.0805, Dice: 0.9049
Aorta Validation Complete: Loss: 0.0224, Dice: 0.9754
Ivc Validation Complete: Loss: 0.0357, Dice: 0.9597
Right_adrenal_gland Validation Complete: Loss: 0.0663, Dice: 0.9302
Left_adrenal_gland Validation Complete: Loss: 0.0643, Dice: 0.9193
Gallbladder Validation Complete: Loss: 0.0578, Dice: 0.9377
Esophagus Validation Complete: Loss: 0.0348, Dice: 0.9624
Stomach Validation Complete: Loss: 0.0204, Dice: 0.9819
Left_kidney Validation Complete: Loss: 0.0161, Dice: 0.9847
Time: 20250619-0806, train_Loss: 0.0057810009517086204, train_accuracy : 0.9935255274652853
Epoch 63/100
val loss: 0.03836703742166398
  Liver - Val Loss: 0.0194, Dice: 0.9855
  Right_kidney - Val Loss: 0.0174, Dice: 0.9830
  Spleen - Val Loss: 0.0253, Dice: 0.9738
  Pancreas - Val Loss: 0.0805, Dice: 0.9049
  Aorta - Val Loss: 0.0224, Dice: 0.9754
  Ivc - Val Loss: 0.0357, Dice: 0.9597
  Right_adrenal_gland - Val Loss: 0.0663, Dice: 0.9302
  Left_adrenal_gland - Val Loss: 0.0643, Dice: 0.9193
  Gallbladder - Val Loss: 0.0578, Dice: 0.9377
  Esophagus - Val Loss: 0.0348, Dice: 0.9624
  Stomach - Val Loss: 0.0204, Dice: 0.9819
  Left_kidney - Val Loss: 0.0161, Dice: 0.9847
Liver Validation Complete: Loss: 0.0166, Dice: 0.9878
Right_kidney Validation Complete: Loss: 0.0176, Dice: 0.9829
Spleen Validation Complete: Loss: 0.0196, Dice: 0.9798
Pancreas Validation Complete: Loss: 0.0751, Dice: 0.9115
Aorta Validation Complete: Loss: 0.0223, Dice: 0.9751
Ivc Validation Complete: Loss: 0.0372, Dice: 0.9565
Right_adrenal_gland Validation Complete: Loss: 0.0710, Dice: 0.9262
Left_adrenal_gland Validation Complete: Loss: 0.0639, Dice: 0.9206
Gallbladder Validation Complete: Loss: 0.0809, Dice: 0.9280
Esophagus Validation Complete: Loss: 0.0392, Dice: 0.9575
Stomach Validation Complete: Loss: 0.0212, Dice: 0.9811
Left_kidney Validation Complete: Loss: 0.0166, Dice: 0.9839
Time: 20250619-0856, train_Loss: 0.00551515804724485, train_accuracy : 0.9938896534352362
Epoch 64/100
val loss: 0.04011417231961585
  Liver - Val Loss: 0.0166, Dice: 0.9878
  Right_kidney - Val Loss: 0.0176, Dice: 0.9829
  Spleen - Val Loss: 0.0196, Dice: 0.9798
  Pancreas - Val Loss: 0.0751, Dice: 0.9115
  Aorta - Val Loss: 0.0223, Dice: 0.9751
  Ivc - Val Loss: 0.0372, Dice: 0.9565
  Right_adrenal_gland - Val Loss: 0.0710, Dice: 0.9262
  Left_adrenal_gland - Val Loss: 0.0639, Dice: 0.9206
  Gallbladder - Val Loss: 0.0809, Dice: 0.9280
  Esophagus - Val Loss: 0.0392, Dice: 0.9575
  Stomach - Val Loss: 0.0212, Dice: 0.9811
  Left_kidney - Val Loss: 0.0166, Dice: 0.9839
Liver Validation Complete: Loss: 0.0167, Dice: 0.9878
Right_kidney Validation Complete: Loss: 0.0173, Dice: 0.9833
Spleen Validation Complete: Loss: 0.0190, Dice: 0.9814
Pancreas Validation Complete: Loss: 0.0755, Dice: 0.9112
Aorta Validation Complete: Loss: 0.0221, Dice: 0.9751
Ivc Validation Complete: Loss: 0.0551, Dice: 0.9382
Right_adrenal_gland Validation Complete: Loss: 0.0816, Dice: 0.9157
Left_adrenal_gland Validation Complete: Loss: 0.0560, Dice: 0.9350
Gallbladder Validation Complete: Loss: 0.0883, Dice: 0.9049
Esophagus Validation Complete: Loss: 0.0437, Dice: 0.9550
Stomach Validation Complete: Loss: 0.0215, Dice: 0.9809
Left_kidney Validation Complete: Loss: 0.0163, Dice: 0.9843
Time: 20250619-0945, train_Loss: 0.005638912984117774, train_accuracy : 0.9937349893883834
Epoch 65/100
val loss: 0.042762358443393836
  Liver - Val Loss: 0.0167, Dice: 0.9878
  Right_kidney - Val Loss: 0.0173, Dice: 0.9833
  Spleen - Val Loss: 0.0190, Dice: 0.9814
  Pancreas - Val Loss: 0.0755, Dice: 0.9112
  Aorta - Val Loss: 0.0221, Dice: 0.9751
  Ivc - Val Loss: 0.0551, Dice: 0.9382
  Right_adrenal_gland - Val Loss: 0.0816, Dice: 0.9157
  Left_adrenal_gland - Val Loss: 0.0560, Dice: 0.9350
  Gallbladder - Val Loss: 0.0883, Dice: 0.9049
  Esophagus - Val Loss: 0.0437, Dice: 0.9550
  Stomach - Val Loss: 0.0215, Dice: 0.9809
  Left_kidney - Val Loss: 0.0163, Dice: 0.9843
Liver Validation Complete: Loss: 0.0177, Dice: 0.9878
Right_kidney Validation Complete: Loss: 0.0191, Dice: 0.9828
Spleen Validation Complete: Loss: 0.0343, Dice: 0.9622
Pancreas Validation Complete: Loss: 0.1000, Dice: 0.8782
Aorta Validation Complete: Loss: 0.0253, Dice: 0.9712
Ivc Validation Complete: Loss: 0.0631, Dice: 0.9311
Right_adrenal_gland Validation Complete: Loss: 0.0793, Dice: 0.9174
Left_adrenal_gland Validation Complete: Loss: 0.0760, Dice: 0.9078
Gallbladder Validation Complete: Loss: 0.1636, Dice: 0.8472
Esophagus Validation Complete: Loss: 0.0478, Dice: 0.9481
Stomach Validation Complete: Loss: 0.0206, Dice: 0.9816
Left_kidney Validation Complete: Loss: 0.0163, Dice: 0.9843
Time: 20250619-1034, train_Loss: 0.005773068775604534, train_accuracy : 0.9935898192910767
Epoch 66/100
val loss: 0.055262543485925054
  Liver - Val Loss: 0.0177, Dice: 0.9878
  Right_kidney - Val Loss: 0.0191, Dice: 0.9828
  Spleen - Val Loss: 0.0343, Dice: 0.9622
  Pancreas - Val Loss: 0.1000, Dice: 0.8782
  Aorta - Val Loss: 0.0253, Dice: 0.9712
  Ivc - Val Loss: 0.0631, Dice: 0.9311
  Right_adrenal_gland - Val Loss: 0.0793, Dice: 0.9174
  Left_adrenal_gland - Val Loss: 0.0760, Dice: 0.9078
  Gallbladder - Val Loss: 0.1636, Dice: 0.8472
  Esophagus - Val Loss: 0.0478, Dice: 0.9481
  Stomach - Val Loss: 0.0206, Dice: 0.9816
  Left_kidney - Val Loss: 0.0163, Dice: 0.9843
Liver Validation Complete: Loss: 0.0174, Dice: 0.9881
Right_kidney Validation Complete: Loss: 0.0190, Dice: 0.9823
Spleen Validation Complete: Loss: 0.0255, Dice: 0.9744
Pancreas Validation Complete: Loss: 0.0921, Dice: 0.8930
Aorta Validation Complete: Loss: 0.0254, Dice: 0.9715
Ivc Validation Complete: Loss: 0.0754, Dice: 0.9127
Right_adrenal_gland Validation Complete: Loss: 0.1059, Dice: 0.8898
Left_adrenal_gland Validation Complete: Loss: 0.0603, Dice: 0.9273
Gallbladder Validation Complete: Loss: 0.1568, Dice: 0.8362
Esophagus Validation Complete: Loss: 0.0449, Dice: 0.9499
Stomach Validation Complete: Loss: 0.0247, Dice: 0.9792
Left_kidney Validation Complete: Loss: 0.0170, Dice: 0.9839
Time: 20250619-1123, train_Loss: 0.005463983045269726, train_accuracy : 0.9939766620438554
Epoch 67/100
val loss: 0.05536040672351815
  Liver - Val Loss: 0.0174, Dice: 0.9881
  Right_kidney - Val Loss: 0.0190, Dice: 0.9823
  Spleen - Val Loss: 0.0255, Dice: 0.9744
  Pancreas - Val Loss: 0.0921, Dice: 0.8930
  Aorta - Val Loss: 0.0254, Dice: 0.9715
  Ivc - Val Loss: 0.0754, Dice: 0.9127
  Right_adrenal_gland - Val Loss: 0.1059, Dice: 0.8898
  Left_adrenal_gland - Val Loss: 0.0603, Dice: 0.9273
  Gallbladder - Val Loss: 0.1568, Dice: 0.8362
  Esophagus - Val Loss: 0.0449, Dice: 0.9499
  Stomach - Val Loss: 0.0247, Dice: 0.9792
  Left_kidney - Val Loss: 0.0170, Dice: 0.9839
Liver Validation Complete: Loss: 0.0204, Dice: 0.9839
Right_kidney Validation Complete: Loss: 0.0201, Dice: 0.9813
Spleen Validation Complete: Loss: 0.0221, Dice: 0.9780
Pancreas Validation Complete: Loss: 0.1060, Dice: 0.8820
Aorta Validation Complete: Loss: 0.0304, Dice: 0.9668
Ivc Validation Complete: Loss: 0.0398, Dice: 0.9568
Right_adrenal_gland Validation Complete: Loss: 0.0758, Dice: 0.9206
Left_adrenal_gland Validation Complete: Loss: 0.0647, Dice: 0.9276
Gallbladder Validation Complete: Loss: 0.0575, Dice: 0.9533
Esophagus Validation Complete: Loss: 0.0397, Dice: 0.9572
Stomach Validation Complete: Loss: 0.0211, Dice: 0.9816
Left_kidney Validation Complete: Loss: 0.0171, Dice: 0.9837
Time: 20250619-1213, train_Loss: 0.006315162400937937, train_accuracy : 0.9930747591202256
Epoch 68/100
val loss: 0.042879764502053795
  Liver - Val Loss: 0.0204, Dice: 0.9839
  Right_kidney - Val Loss: 0.0201, Dice: 0.9813
  Spleen - Val Loss: 0.0221, Dice: 0.9780
  Pancreas - Val Loss: 0.1060, Dice: 0.8820
  Aorta - Val Loss: 0.0304, Dice: 0.9668
  Ivc - Val Loss: 0.0398, Dice: 0.9568
  Right_adrenal_gland - Val Loss: 0.0758, Dice: 0.9206
  Left_adrenal_gland - Val Loss: 0.0647, Dice: 0.9276
  Gallbladder - Val Loss: 0.0575, Dice: 0.9533
  Esophagus - Val Loss: 0.0397, Dice: 0.9572
  Stomach - Val Loss: 0.0211, Dice: 0.9816
  Left_kidney - Val Loss: 0.0171, Dice: 0.9837
Liver Validation Complete: Loss: 0.0246, Dice: 0.9788
Right_kidney Validation Complete: Loss: 0.0197, Dice: 0.9819
Spleen Validation Complete: Loss: 0.0347, Dice: 0.9652
Pancreas Validation Complete: Loss: 0.1902, Dice: 0.7974
Aorta Validation Complete: Loss: 0.0689, Dice: 0.9309
Ivc Validation Complete: Loss: 0.1375, Dice: 0.8531
Right_adrenal_gland Validation Complete: Loss: 0.0899, Dice: 0.9006
Left_adrenal_gland Validation Complete: Loss: 0.0714, Dice: 0.9143
Gallbladder Validation Complete: Loss: 0.0767, Dice: 0.9366
Esophagus Validation Complete: Loss: 0.0511, Dice: 0.9465
Stomach Validation Complete: Loss: 0.0230, Dice: 0.9797
Left_kidney Validation Complete: Loss: 0.0170, Dice: 0.9837
Time: 20250619-1302, train_Loss: 0.0063677970439816834, train_accuracy : 0.9928534661989203
Epoch 69/100
val loss: 0.06705546388639523
  Liver - Val Loss: 0.0246, Dice: 0.9788
  Right_kidney - Val Loss: 0.0197, Dice: 0.9819
  Spleen - Val Loss: 0.0347, Dice: 0.9652
  Pancreas - Val Loss: 0.1902, Dice: 0.7974
  Aorta - Val Loss: 0.0689, Dice: 0.9309
  Ivc - Val Loss: 0.1375, Dice: 0.8531
  Right_adrenal_gland - Val Loss: 0.0899, Dice: 0.9006
  Left_adrenal_gland - Val Loss: 0.0714, Dice: 0.9143
  Gallbladder - Val Loss: 0.0767, Dice: 0.9366
  Esophagus - Val Loss: 0.0511, Dice: 0.9465
  Stomach - Val Loss: 0.0230, Dice: 0.9797
  Left_kidney - Val Loss: 0.0170, Dice: 0.9837
Liver Validation Complete: Loss: 0.0186, Dice: 0.9860
Right_kidney Validation Complete: Loss: 0.0190, Dice: 0.9826
Spleen Validation Complete: Loss: 0.0331, Dice: 0.9638
Pancreas Validation Complete: Loss: 0.2382, Dice: 0.7416
