Clearing CUDA cache...
CUDA cache cleared.
Created directory: ./work_dir/MedSAM-ViT-B_MSFalse_oneneckFalse_use_clip_20250619-0311
[MedSAM] clip_variant: clip, clip_model_name: hf-hub:laion/CLIP-ViT-B-32-laion2B-s34B-b79K
[INFO] clip_variant: clip, tokenizer: laion/CLIP-ViT-B-32-laion2B-s34B-b79K
[OrganSliceDataset] organ: liver, tokenizer: CLIPTokenizerFast(name_or_path='laion/CLIP-ViT-B-32-laion2B-s34B-b79K', vocab_size=49408, model_max_length=77, is_fast=True, padding_side='right', truncation_side='right', special_tokens={'bos_token': '<|startoftext|>', 'eos_token': '<|endoftext|>', 'unk_token': '<|endoftext|>', 'pad_token': '<|endoftext|>'}, clean_up_tokenization_spaces=False, added_tokens_decoder={
	49406: AddedToken("<|startoftext|>", rstrip=False, lstrip=False, single_word=False, normalized=True, special=True),
	49407: AddedToken("<|endoftext|>", rstrip=False, lstrip=False, single_word=False, normalized=False, special=True),
}
)
[liver]  cases: 40, slices: 2522
[OrganSliceDataset] organ: right_kidney, tokenizer: CLIPTokenizerFast(name_or_path='laion/CLIP-ViT-B-32-laion2B-s34B-b79K', vocab_size=49408, model_max_length=77, is_fast=True, padding_side='right', truncation_side='right', special_tokens={'bos_token': '<|startoftext|>', 'eos_token': '<|endoftext|>', 'unk_token': '<|endoftext|>', 'pad_token': '<|endoftext|>'}, clean_up_tokenization_spaces=False, added_tokens_decoder={
	49406: AddedToken("<|startoftext|>", rstrip=False, lstrip=False, single_word=False, normalized=True, special=True),
	49407: AddedToken("<|endoftext|>", rstrip=False, lstrip=False, single_word=False, normalized=False, special=True),
}
)
[right_kidney]  cases: 40, slices: 1619
[OrganSliceDataset] organ: spleen, tokenizer: CLIPTokenizerFast(name_or_path='laion/CLIP-ViT-B-32-laion2B-s34B-b79K', vocab_size=49408, model_max_length=77, is_fast=True, padding_side='right', truncation_side='right', special_tokens={'bos_token': '<|startoftext|>', 'eos_token': '<|endoftext|>', 'unk_token': '<|endoftext|>', 'pad_token': '<|endoftext|>'}, clean_up_tokenization_spaces=False, added_tokens_decoder={
	49406: AddedToken("<|startoftext|>", rstrip=False, lstrip=False, single_word=False, normalized=True, special=True),
	49407: AddedToken("<|endoftext|>", rstrip=False, lstrip=False, single_word=False, normalized=False, special=True),
}
)
[spleen]  cases: 40, slices: 1310
[OrganSliceDataset] organ: pancreas, tokenizer: CLIPTokenizerFast(name_or_path='laion/CLIP-ViT-B-32-laion2B-s34B-b79K', vocab_size=49408, model_max_length=77, is_fast=True, padding_side='right', truncation_side='right', special_tokens={'bos_token': '<|startoftext|>', 'eos_token': '<|endoftext|>', 'unk_token': '<|endoftext|>', 'pad_token': '<|endoftext|>'}, clean_up_tokenization_spaces=False, added_tokens_decoder={
	49406: AddedToken("<|startoftext|>", rstrip=False, lstrip=False, single_word=False, normalized=True, special=True),
	49407: AddedToken("<|endoftext|>", rstrip=False, lstrip=False, single_word=False, normalized=False, special=True),
}
)
[pancreas]  cases: 40, slices: 1274
[OrganSliceDataset] organ: aorta, tokenizer: CLIPTokenizerFast(name_or_path='laion/CLIP-ViT-B-32-laion2B-s34B-b79K', vocab_size=49408, model_max_length=77, is_fast=True, padding_side='right', truncation_side='right', special_tokens={'bos_token': '<|startoftext|>', 'eos_token': '<|endoftext|>', 'unk_token': '<|endoftext|>', 'pad_token': '<|endoftext|>'}, clean_up_tokenization_spaces=False, added_tokens_decoder={
	49406: AddedToken("<|startoftext|>", rstrip=False, lstrip=False, single_word=False, normalized=True, special=True),
	49407: AddedToken("<|endoftext|>", rstrip=False, lstrip=False, single_word=False, normalized=False, special=True),
}
)
[aorta]  cases: 40, slices: 3486
[OrganSliceDataset] organ: ivc, tokenizer: CLIPTokenizerFast(name_or_path='laion/CLIP-ViT-B-32-laion2B-s34B-b79K', vocab_size=49408, model_max_length=77, is_fast=True, padding_side='right', truncation_side='right', special_tokens={'bos_token': '<|startoftext|>', 'eos_token': '<|endoftext|>', 'unk_token': '<|endoftext|>', 'pad_token': '<|endoftext|>'}, clean_up_tokenization_spaces=False, added_tokens_decoder={
	49406: AddedToken("<|startoftext|>", rstrip=False, lstrip=False, single_word=False, normalized=True, special=True),
	49407: AddedToken("<|endoftext|>", rstrip=False, lstrip=False, single_word=False, normalized=False, special=True),
}
)
[ivc]  cases: 40, slices: 3226
[OrganSliceDataset] organ: right_adrenal_gland, tokenizer: CLIPTokenizerFast(name_or_path='laion/CLIP-ViT-B-32-laion2B-s34B-b79K', vocab_size=49408, model_max_length=77, is_fast=True, padding_side='right', truncation_side='right', special_tokens={'bos_token': '<|startoftext|>', 'eos_token': '<|endoftext|>', 'unk_token': '<|endoftext|>', 'pad_token': '<|endoftext|>'}, clean_up_tokenization_spaces=False, added_tokens_decoder={
	49406: AddedToken("<|startoftext|>", rstrip=False, lstrip=False, single_word=False, normalized=True, special=True),
	49407: AddedToken("<|endoftext|>", rstrip=False, lstrip=False, single_word=False, normalized=False, special=True),
}
)
[right_adrenal_gland]  cases: 40, slices: 449
[OrganSliceDataset] organ: left_adrenal_gland, tokenizer: CLIPTokenizerFast(name_or_path='laion/CLIP-ViT-B-32-laion2B-s34B-b79K', vocab_size=49408, model_max_length=77, is_fast=True, padding_side='right', truncation_side='right', special_tokens={'bos_token': '<|startoftext|>', 'eos_token': '<|endoftext|>', 'unk_token': '<|endoftext|>', 'pad_token': '<|endoftext|>'}, clean_up_tokenization_spaces=False, added_tokens_decoder={
	49406: AddedToken("<|startoftext|>", rstrip=False, lstrip=False, single_word=False, normalized=True, special=True),
	49407: AddedToken("<|endoftext|>", rstrip=False, lstrip=False, single_word=False, normalized=False, special=True),
}
)
[left_adrenal_gland]  cases: 40, slices: 534
[OrganSliceDataset] organ: gallbladder, tokenizer: CLIPTokenizerFast(name_or_path='laion/CLIP-ViT-B-32-laion2B-s34B-b79K', vocab_size=49408, model_max_length=77, is_fast=True, padding_side='right', truncation_side='right', special_tokens={'bos_token': '<|startoftext|>', 'eos_token': '<|endoftext|>', 'unk_token': '<|endoftext|>', 'pad_token': '<|endoftext|>'}, clean_up_tokenization_spaces=False, added_tokens_decoder={
	49406: AddedToken("<|startoftext|>", rstrip=False, lstrip=False, single_word=False, normalized=True, special=True),
	49407: AddedToken("<|endoftext|>", rstrip=False, lstrip=False, single_word=False, normalized=False, special=True),
}
)
[gallbladder]  cases: 40, slices: 686
[OrganSliceDataset] organ: esophagus, tokenizer: CLIPTokenizerFast(name_or_path='laion/CLIP-ViT-B-32-laion2B-s34B-b79K', vocab_size=49408, model_max_length=77, is_fast=True, padding_side='right', truncation_side='right', special_tokens={'bos_token': '<|startoftext|>', 'eos_token': '<|endoftext|>', 'unk_token': '<|endoftext|>', 'pad_token': '<|endoftext|>'}, clean_up_tokenization_spaces=False, added_tokens_decoder={
	49406: AddedToken("<|startoftext|>", rstrip=False, lstrip=False, single_word=False, normalized=True, special=True),
	49407: AddedToken("<|endoftext|>", rstrip=False, lstrip=False, single_word=False, normalized=False, special=True),
}
)
[esophagus]  cases: 40, slices: 1074
[OrganSliceDataset] organ: stomach, tokenizer: CLIPTokenizerFast(name_or_path='laion/CLIP-ViT-B-32-laion2B-s34B-b79K', vocab_size=49408, model_max_length=77, is_fast=True, padding_side='right', truncation_side='right', special_tokens={'bos_token': '<|startoftext|>', 'eos_token': '<|endoftext|>', 'unk_token': '<|endoftext|>', 'pad_token': '<|endoftext|>'}, clean_up_tokenization_spaces=False, added_tokens_decoder={
	49406: AddedToken("<|startoftext|>", rstrip=False, lstrip=False, single_word=False, normalized=True, special=True),
	49407: AddedToken("<|endoftext|>", rstrip=False, lstrip=False, single_word=False, normalized=False, special=True),
}
)
[stomach]  cases: 40, slices: 1557
[OrganSliceDataset] organ: left_kidney, tokenizer: CLIPTokenizerFast(name_or_path='laion/CLIP-ViT-B-32-laion2B-s34B-b79K', vocab_size=49408, model_max_length=77, is_fast=True, padding_side='right', truncation_side='right', special_tokens={'bos_token': '<|startoftext|>', 'eos_token': '<|endoftext|>', 'unk_token': '<|endoftext|>', 'pad_token': '<|endoftext|>'}, clean_up_tokenization_spaces=False, added_tokens_decoder={
	49406: AddedToken("<|startoftext|>", rstrip=False, lstrip=False, single_word=False, normalized=True, special=True),
	49407: AddedToken("<|endoftext|>", rstrip=False, lstrip=False, single_word=False, normalized=False, special=True),
}
)
[left_kidney]  cases: 40, slices: 1650
Checkpoint loaded successfully. Starting from epoch 1.
Using wandb
Liver Validation Complete: Loss: 0.1505, Dice: 0.8470
Right_kidney Validation Complete: Loss: 0.0319, Dice: 0.9616
Spleen Validation Complete: Loss: 0.0422, Dice: 0.9590
Pancreas Validation Complete: Loss: 0.2312, Dice: 0.7149
Aorta Validation Complete: Loss: 0.0412, Dice: 0.9477
Ivc Validation Complete: Loss: 0.0810, Dice: 0.9063
Right_adrenal_gland Validation Complete: Loss: 0.1873, Dice: 0.7556
Left_adrenal_gland Validation Complete: Loss: 0.1384, Dice: 0.8157
Gallbladder Validation Complete: Loss: 0.1099, Dice: 0.8743
Esophagus Validation Complete: Loss: 0.1153, Dice: 0.8363
Stomach Validation Complete: Loss: 0.0657, Dice: 0.9263
Left_kidney Validation Complete: Loss: 0.0285, Dice: 0.9671
Time: 20250619-0400, train_Loss: 0.05687727364584443, train_accuracy : 0.9338659421426694
Epoch 2/100
saved a better ckpt.
val loss: 0.10192923742659547
  Liver - Val Loss: 0.1505, Dice: 0.8470
  Right_kidney - Val Loss: 0.0319, Dice: 0.9616
  Spleen - Val Loss: 0.0422, Dice: 0.9590
  Pancreas - Val Loss: 0.2312, Dice: 0.7149
  Aorta - Val Loss: 0.0412, Dice: 0.9477
  Ivc - Val Loss: 0.0810, Dice: 0.9063
  Right_adrenal_gland - Val Loss: 0.1873, Dice: 0.7556
  Left_adrenal_gland - Val Loss: 0.1384, Dice: 0.8157
  Gallbladder - Val Loss: 0.1099, Dice: 0.8743
  Esophagus - Val Loss: 0.1153, Dice: 0.8363
  Stomach - Val Loss: 0.0657, Dice: 0.9263
  Left_kidney - Val Loss: 0.0285, Dice: 0.9671
Liver Validation Complete: Loss: 0.3516, Dice: 0.6221
Right_kidney Validation Complete: Loss: 0.0353, Dice: 0.9538
Spleen Validation Complete: Loss: 0.0376, Dice: 0.9655
Pancreas Validation Complete: Loss: 0.1968, Dice: 0.7636
Aorta Validation Complete: Loss: 0.0389, Dice: 0.9510
Ivc Validation Complete: Loss: 0.0669, Dice: 0.9262
Right_adrenal_gland Validation Complete: Loss: 0.1536, Dice: 0.7883
Left_adrenal_gland Validation Complete: Loss: 0.1243, Dice: 0.8391
Gallbladder Validation Complete: Loss: 0.0811, Dice: 0.9132
Esophagus Validation Complete: Loss: 0.1067, Dice: 0.8569
Stomach Validation Complete: Loss: 0.0497, Dice: 0.9515
Left_kidney Validation Complete: Loss: 0.0276, Dice: 0.9683
Time: 20250619-0448, train_Loss: 0.049850496348919665, train_accuracy : 0.9415488138594963
Epoch 3/100
val loss: 0.10583989470096672
  Liver - Val Loss: 0.3516, Dice: 0.6221
  Right_kidney - Val Loss: 0.0353, Dice: 0.9538
  Spleen - Val Loss: 0.0376, Dice: 0.9655
  Pancreas - Val Loss: 0.1968, Dice: 0.7636
  Aorta - Val Loss: 0.0389, Dice: 0.9510
  Ivc - Val Loss: 0.0669, Dice: 0.9262
  Right_adrenal_gland - Val Loss: 0.1536, Dice: 0.7883
  Left_adrenal_gland - Val Loss: 0.1243, Dice: 0.8391
  Gallbladder - Val Loss: 0.0811, Dice: 0.9132
  Esophagus - Val Loss: 0.1067, Dice: 0.8569
  Stomach - Val Loss: 0.0497, Dice: 0.9515
  Left_kidney - Val Loss: 0.0276, Dice: 0.9683
Liver Validation Complete: Loss: 0.1430, Dice: 0.8682
Right_kidney Validation Complete: Loss: 0.0380, Dice: 0.9519
Spleen Validation Complete: Loss: 0.0315, Dice: 0.9712
Pancreas Validation Complete: Loss: 0.1977, Dice: 0.7682
Aorta Validation Complete: Loss: 0.0392, Dice: 0.9536
Ivc Validation Complete: Loss: 0.0777, Dice: 0.9203
Right_adrenal_gland Validation Complete: Loss: 0.1581, Dice: 0.7856
Left_adrenal_gland Validation Complete: Loss: 0.1200, Dice: 0.8499
Gallbladder Validation Complete: Loss: 0.0678, Dice: 0.9316
Esophagus Validation Complete: Loss: 0.0964, Dice: 0.8775
Stomach Validation Complete: Loss: 0.0497, Dice: 0.9518
Left_kidney Validation Complete: Loss: 0.0270, Dice: 0.9682
Time: 20250619-0537, train_Loss: 0.04613642885847707, train_accuracy : 0.9460572178361879
Epoch 4/100
saved a better ckpt.
val loss: 0.08716805944336911
  Liver - Val Loss: 0.1430, Dice: 0.8682
  Right_kidney - Val Loss: 0.0380, Dice: 0.9519
  Spleen - Val Loss: 0.0315, Dice: 0.9712
  Pancreas - Val Loss: 0.1977, Dice: 0.7682
  Aorta - Val Loss: 0.0392, Dice: 0.9536
  Ivc - Val Loss: 0.0777, Dice: 0.9203
  Right_adrenal_gland - Val Loss: 0.1581, Dice: 0.7856
  Left_adrenal_gland - Val Loss: 0.1200, Dice: 0.8499
  Gallbladder - Val Loss: 0.0678, Dice: 0.9316
  Esophagus - Val Loss: 0.0964, Dice: 0.8775
  Stomach - Val Loss: 0.0497, Dice: 0.9518
  Left_kidney - Val Loss: 0.0270, Dice: 0.9682
Liver Validation Complete: Loss: 0.0778, Dice: 0.9411
Right_kidney Validation Complete: Loss: 0.0468, Dice: 0.9384
Spleen Validation Complete: Loss: 0.0371, Dice: 0.9651
Pancreas Validation Complete: Loss: 0.1737, Dice: 0.7989
Aorta Validation Complete: Loss: 0.0357, Dice: 0.9565
Ivc Validation Complete: Loss: 0.0597, Dice: 0.9349
Right_adrenal_gland Validation Complete: Loss: 0.1384, Dice: 0.8105
Left_adrenal_gland Validation Complete: Loss: 0.1123, Dice: 0.8617
Gallbladder Validation Complete: Loss: 0.0699, Dice: 0.9268
Esophagus Validation Complete: Loss: 0.0924, Dice: 0.8773
Stomach Validation Complete: Loss: 0.0429, Dice: 0.9591
Left_kidney Validation Complete: Loss: 0.0258, Dice: 0.9714
Time: 20250619-0626, train_Loss: 0.04222772613108327, train_accuracy : 0.9508489382128057
Epoch 5/100
saved a better ckpt.
val loss: 0.07605332556662575
  Liver - Val Loss: 0.0778, Dice: 0.9411
  Right_kidney - Val Loss: 0.0468, Dice: 0.9384
  Spleen - Val Loss: 0.0371, Dice: 0.9651
  Pancreas - Val Loss: 0.1737, Dice: 0.7989
  Aorta - Val Loss: 0.0357, Dice: 0.9565
  Ivc - Val Loss: 0.0597, Dice: 0.9349
  Right_adrenal_gland - Val Loss: 0.1384, Dice: 0.8105
  Left_adrenal_gland - Val Loss: 0.1123, Dice: 0.8617
  Gallbladder - Val Loss: 0.0699, Dice: 0.9268
  Esophagus - Val Loss: 0.0924, Dice: 0.8773
  Stomach - Val Loss: 0.0429, Dice: 0.9591
  Left_kidney - Val Loss: 0.0258, Dice: 0.9714
Liver Validation Complete: Loss: 0.0672, Dice: 0.9532
Right_kidney Validation Complete: Loss: 0.0295, Dice: 0.9653
Spleen Validation Complete: Loss: 0.0301, Dice: 0.9736
Pancreas Validation Complete: Loss: 0.1652, Dice: 0.8121
Aorta Validation Complete: Loss: 0.0369, Dice: 0.9564
Ivc Validation Complete: Loss: 0.0590, Dice: 0.9372
Right_adrenal_gland Validation Complete: Loss: 0.1255, Dice: 0.8387
Left_adrenal_gland Validation Complete: Loss: 0.1208, Dice: 0.8553
Gallbladder Validation Complete: Loss: 0.0665, Dice: 0.9297
Esophagus Validation Complete: Loss: 0.0808, Dice: 0.8950
Stomach Validation Complete: Loss: 0.0468, Dice: 0.9509
Left_kidney Validation Complete: Loss: 0.0261, Dice: 0.9704
Time: 20250619-0714, train_Loss: 0.0388293176759044, train_accuracy : 0.9549082858022336
Epoch 6/100
saved a better ckpt.
val loss: 0.07120050204848212
  Liver - Val Loss: 0.0672, Dice: 0.9532
  Right_kidney - Val Loss: 0.0295, Dice: 0.9653
  Spleen - Val Loss: 0.0301, Dice: 0.9736
  Pancreas - Val Loss: 0.1652, Dice: 0.8121
  Aorta - Val Loss: 0.0369, Dice: 0.9564
  Ivc - Val Loss: 0.0590, Dice: 0.9372
  Right_adrenal_gland - Val Loss: 0.1255, Dice: 0.8387
  Left_adrenal_gland - Val Loss: 0.1208, Dice: 0.8553
  Gallbladder - Val Loss: 0.0665, Dice: 0.9297
  Esophagus - Val Loss: 0.0808, Dice: 0.8950
  Stomach - Val Loss: 0.0468, Dice: 0.9509
  Left_kidney - Val Loss: 0.0261, Dice: 0.9704
Liver Validation Complete: Loss: 0.0847, Dice: 0.9348
Right_kidney Validation Complete: Loss: 0.0273, Dice: 0.9720
Spleen Validation Complete: Loss: 0.0358, Dice: 0.9668
Pancreas Validation Complete: Loss: 0.1865, Dice: 0.7833
Aorta Validation Complete: Loss: 0.0350, Dice: 0.9595
Ivc Validation Complete: Loss: 0.0563, Dice: 0.9381
Right_adrenal_gland Validation Complete: Loss: 0.1126, Dice: 0.8559
Left_adrenal_gland Validation Complete: Loss: 0.1102, Dice: 0.8703
Gallbladder Validation Complete: Loss: 0.0645, Dice: 0.9382
Esophagus Validation Complete: Loss: 0.0737, Dice: 0.9033
Stomach Validation Complete: Loss: 0.0397, Dice: 0.9637
Left_kidney Validation Complete: Loss: 0.0253, Dice: 0.9734
Time: 20250619-0803, train_Loss: 0.035952904708856044, train_accuracy : 0.9584730134101169
Epoch 7/100
saved a better ckpt.
val loss: 0.07097405777883568
  Liver - Val Loss: 0.0847, Dice: 0.9348
  Right_kidney - Val Loss: 0.0273, Dice: 0.9720
  Spleen - Val Loss: 0.0358, Dice: 0.9668
  Pancreas - Val Loss: 0.1865, Dice: 0.7833
  Aorta - Val Loss: 0.0350, Dice: 0.9595
  Ivc - Val Loss: 0.0563, Dice: 0.9381
  Right_adrenal_gland - Val Loss: 0.1126, Dice: 0.8559
  Left_adrenal_gland - Val Loss: 0.1102, Dice: 0.8703
  Gallbladder - Val Loss: 0.0645, Dice: 0.9382
  Esophagus - Val Loss: 0.0737, Dice: 0.9033
  Stomach - Val Loss: 0.0397, Dice: 0.9637
  Left_kidney - Val Loss: 0.0253, Dice: 0.9734
Liver Validation Complete: Loss: 0.0818, Dice: 0.9402
Right_kidney Validation Complete: Loss: 0.0274, Dice: 0.9702
Spleen Validation Complete: Loss: 0.0264, Dice: 0.9756
Pancreas Validation Complete: Loss: 0.1807, Dice: 0.7926
Aorta Validation Complete: Loss: 0.0344, Dice: 0.9591
Ivc Validation Complete: Loss: 0.0537, Dice: 0.9409
Right_adrenal_gland Validation Complete: Loss: 0.1472, Dice: 0.8000
Left_adrenal_gland Validation Complete: Loss: 0.1278, Dice: 0.8435
Gallbladder Validation Complete: Loss: 0.0649, Dice: 0.9359
Esophagus Validation Complete: Loss: 0.0820, Dice: 0.8906
Stomach Validation Complete: Loss: 0.0544, Dice: 0.9431
Left_kidney Validation Complete: Loss: 0.0256, Dice: 0.9721
Time: 20250619-0852, train_Loss: 0.034646698987908085, train_accuracy : 0.959803319936726
Epoch 8/100
val loss: 0.07550610476745952
  Liver - Val Loss: 0.0818, Dice: 0.9402
  Right_kidney - Val Loss: 0.0274, Dice: 0.9702
  Spleen - Val Loss: 0.0264, Dice: 0.9756
  Pancreas - Val Loss: 0.1807, Dice: 0.7926
  Aorta - Val Loss: 0.0344, Dice: 0.9591
  Ivc - Val Loss: 0.0537, Dice: 0.9409
  Right_adrenal_gland - Val Loss: 0.1472, Dice: 0.8000
  Left_adrenal_gland - Val Loss: 0.1278, Dice: 0.8435
  Gallbladder - Val Loss: 0.0649, Dice: 0.9359
  Esophagus - Val Loss: 0.0820, Dice: 0.8906
  Stomach - Val Loss: 0.0544, Dice: 0.9431
  Left_kidney - Val Loss: 0.0256, Dice: 0.9721
Liver Validation Complete: Loss: 0.0638, Dice: 0.9570
Right_kidney Validation Complete: Loss: 0.0256, Dice: 0.9735
Spleen Validation Complete: Loss: 0.0255, Dice: 0.9777
Pancreas Validation Complete: Loss: 0.1498, Dice: 0.8357
Aorta Validation Complete: Loss: 0.0326, Dice: 0.9620
Ivc Validation Complete: Loss: 0.0499, Dice: 0.9451
Right_adrenal_gland Validation Complete: Loss: 0.1128, Dice: 0.8542
Left_adrenal_gland Validation Complete: Loss: 0.1112, Dice: 0.8645
Gallbladder Validation Complete: Loss: 0.0743, Dice: 0.9277
Esophagus Validation Complete: Loss: 0.0756, Dice: 0.8991
Stomach Validation Complete: Loss: 0.0524, Dice: 0.9498
Left_kidney Validation Complete: Loss: 0.0247, Dice: 0.9732
Time: 20250619-0940, train_Loss: 0.03236233348307754, train_accuracy : 0.962456162728075
Epoch 9/100
saved a better ckpt.
val loss: 0.06651482738523216
  Liver - Val Loss: 0.0638, Dice: 0.9570
  Right_kidney - Val Loss: 0.0256, Dice: 0.9735
  Spleen - Val Loss: 0.0255, Dice: 0.9777
  Pancreas - Val Loss: 0.1498, Dice: 0.8357
  Aorta - Val Loss: 0.0326, Dice: 0.9620
  Ivc - Val Loss: 0.0499, Dice: 0.9451
  Right_adrenal_gland - Val Loss: 0.1128, Dice: 0.8542
  Left_adrenal_gland - Val Loss: 0.1112, Dice: 0.8645
  Gallbladder - Val Loss: 0.0743, Dice: 0.9277
  Esophagus - Val Loss: 0.0756, Dice: 0.8991
  Stomach - Val Loss: 0.0524, Dice: 0.9498
  Left_kidney - Val Loss: 0.0247, Dice: 0.9732
Liver Validation Complete: Loss: 0.0530, Dice: 0.9638
Right_kidney Validation Complete: Loss: 0.0265, Dice: 0.9729
Spleen Validation Complete: Loss: 0.0230, Dice: 0.9801
Pancreas Validation Complete: Loss: 0.1482, Dice: 0.8326
Aorta Validation Complete: Loss: 0.0318, Dice: 0.9628
Ivc Validation Complete: Loss: 0.0555, Dice: 0.9414
Right_adrenal_gland Validation Complete: Loss: 0.1113, Dice: 0.8639
Left_adrenal_gland Validation Complete: Loss: 0.1235, Dice: 0.8559
Gallbladder Validation Complete: Loss: 0.0625, Dice: 0.9384
Esophagus Validation Complete: Loss: 0.0768, Dice: 0.8989
Stomach Validation Complete: Loss: 0.0373, Dice: 0.9626
Left_kidney Validation Complete: Loss: 0.0246, Dice: 0.9733
Time: 20250619-1029, train_Loss: 0.029454217000461337, train_accuracy : 0.9659392837035318
Epoch 10/100
saved a better ckpt.
val loss: 0.0645043633518162
  Liver - Val Loss: 0.0530, Dice: 0.9638
  Right_kidney - Val Loss: 0.0265, Dice: 0.9729
  Spleen - Val Loss: 0.0230, Dice: 0.9801
  Pancreas - Val Loss: 0.1482, Dice: 0.8326
  Aorta - Val Loss: 0.0318, Dice: 0.9628
  Ivc - Val Loss: 0.0555, Dice: 0.9414
  Right_adrenal_gland - Val Loss: 0.1113, Dice: 0.8639
  Left_adrenal_gland - Val Loss: 0.1235, Dice: 0.8559
  Gallbladder - Val Loss: 0.0625, Dice: 0.9384
  Esophagus - Val Loss: 0.0768, Dice: 0.8989
  Stomach - Val Loss: 0.0373, Dice: 0.9626
  Left_kidney - Val Loss: 0.0246, Dice: 0.9733
Liver Validation Complete: Loss: 0.0965, Dice: 0.9192
Right_kidney Validation Complete: Loss: 0.0277, Dice: 0.9732
Spleen Validation Complete: Loss: 0.0284, Dice: 0.9763
Pancreas Validation Complete: Loss: 0.1525, Dice: 0.8250
Aorta Validation Complete: Loss: 0.0334, Dice: 0.9615
Ivc Validation Complete: Loss: 0.0489, Dice: 0.9479
Right_adrenal_gland Validation Complete: Loss: 0.1125, Dice: 0.8654
Left_adrenal_gland Validation Complete: Loss: 0.1240, Dice: 0.8538
Gallbladder Validation Complete: Loss: 0.0686, Dice: 0.9379
Esophagus Validation Complete: Loss: 0.0786, Dice: 0.8985
Stomach Validation Complete: Loss: 0.0391, Dice: 0.9666
Left_kidney Validation Complete: Loss: 0.0247, Dice: 0.9750
Time: 20250619-1118, train_Loss: 0.02826318024680195, train_accuracy : 0.9674050293989341
Epoch 11/100
val loss: 0.06955616462691071
  Liver - Val Loss: 0.0965, Dice: 0.9192
  Right_kidney - Val Loss: 0.0277, Dice: 0.9732
  Spleen - Val Loss: 0.0284, Dice: 0.9763
  Pancreas - Val Loss: 0.1525, Dice: 0.8250
  Aorta - Val Loss: 0.0334, Dice: 0.9615
  Ivc - Val Loss: 0.0489, Dice: 0.9479
  Right_adrenal_gland - Val Loss: 0.1125, Dice: 0.8654
  Left_adrenal_gland - Val Loss: 0.1240, Dice: 0.8538
  Gallbladder - Val Loss: 0.0686, Dice: 0.9379
  Esophagus - Val Loss: 0.0786, Dice: 0.8985
  Stomach - Val Loss: 0.0391, Dice: 0.9666
  Left_kidney - Val Loss: 0.0247, Dice: 0.9750
Liver Validation Complete: Loss: 0.0401, Dice: 0.9757
Right_kidney Validation Complete: Loss: 0.0272, Dice: 0.9738
Spleen Validation Complete: Loss: 0.0278, Dice: 0.9765
Pancreas Validation Complete: Loss: 0.1469, Dice: 0.8429
Aorta Validation Complete: Loss: 0.0325, Dice: 0.9628
Ivc Validation Complete: Loss: 0.0491, Dice: 0.9472
Right_adrenal_gland Validation Complete: Loss: 0.1353, Dice: 0.8353
Left_adrenal_gland Validation Complete: Loss: 0.1294, Dice: 0.8484
Gallbladder Validation Complete: Loss: 0.0717, Dice: 0.9306
Esophagus Validation Complete: Loss: 0.0732, Dice: 0.9091
Stomach Validation Complete: Loss: 0.0436, Dice: 0.9614
Left_kidney Validation Complete: Loss: 0.0246, Dice: 0.9748
Time: 20250619-1206, train_Loss: 0.026729828746135217, train_accuracy : 0.9690836418140525
Epoch 12/100
val loss: 0.06677797478454796
  Liver - Val Loss: 0.0401, Dice: 0.9757
  Right_kidney - Val Loss: 0.0272, Dice: 0.9738
  Spleen - Val Loss: 0.0278, Dice: 0.9765
  Pancreas - Val Loss: 0.1469, Dice: 0.8429
  Aorta - Val Loss: 0.0325, Dice: 0.9628
  Ivc - Val Loss: 0.0491, Dice: 0.9472
  Right_adrenal_gland - Val Loss: 0.1353, Dice: 0.8353
  Left_adrenal_gland - Val Loss: 0.1294, Dice: 0.8484
  Gallbladder - Val Loss: 0.0717, Dice: 0.9306
  Esophagus - Val Loss: 0.0732, Dice: 0.9091
  Stomach - Val Loss: 0.0436, Dice: 0.9614
  Left_kidney - Val Loss: 0.0246, Dice: 0.9748
Liver Validation Complete: Loss: 0.0365, Dice: 0.9793
Right_kidney Validation Complete: Loss: 0.0260, Dice: 0.9751
Spleen Validation Complete: Loss: 0.0233, Dice: 0.9807
Pancreas Validation Complete: Loss: 0.1207, Dice: 0.8661
Aorta Validation Complete: Loss: 0.0324, Dice: 0.9625
Ivc Validation Complete: Loss: 0.0475, Dice: 0.9498
Right_adrenal_gland Validation Complete: Loss: 0.1138, Dice: 0.8643
Left_adrenal_gland Validation Complete: Loss: 0.1214, Dice: 0.8572
Gallbladder Validation Complete: Loss: 0.0791, Dice: 0.9284
Esophagus Validation Complete: Loss: 0.0759, Dice: 0.9051
Stomach Validation Complete: Loss: 0.0390, Dice: 0.9664
Left_kidney Validation Complete: Loss: 0.0237, Dice: 0.9755
Time: 20250619-1255, train_Loss: 0.024740008658878564, train_accuracy : 0.9714157294650131
Epoch 13/100
saved a better ckpt.
val loss: 0.06161019495096791
  Liver - Val Loss: 0.0365, Dice: 0.9793
  Right_kidney - Val Loss: 0.0260, Dice: 0.9751
  Spleen - Val Loss: 0.0233, Dice: 0.9807
  Pancreas - Val Loss: 0.1207, Dice: 0.8661
  Aorta - Val Loss: 0.0324, Dice: 0.9625
  Ivc - Val Loss: 0.0475, Dice: 0.9498
  Right_adrenal_gland - Val Loss: 0.1138, Dice: 0.8643
  Left_adrenal_gland - Val Loss: 0.1214, Dice: 0.8572
  Gallbladder - Val Loss: 0.0791, Dice: 0.9284
  Esophagus - Val Loss: 0.0759, Dice: 0.9051
  Stomach - Val Loss: 0.0390, Dice: 0.9664
  Left_kidney - Val Loss: 0.0237, Dice: 0.9755
Liver Validation Complete: Loss: 0.0382, Dice: 0.9739
Right_kidney Validation Complete: Loss: 0.0257, Dice: 0.9754
Spleen Validation Complete: Loss: 0.0273, Dice: 0.9762
Pancreas Validation Complete: Loss: 0.1261, Dice: 0.8480
Aorta Validation Complete: Loss: 0.0313, Dice: 0.9638
Ivc Validation Complete: Loss: 0.0508, Dice: 0.9457
Right_adrenal_gland Validation Complete: Loss: 0.1120, Dice: 0.8668
Left_adrenal_gland Validation Complete: Loss: 0.1095, Dice: 0.8720
Gallbladder Validation Complete: Loss: 0.0637, Dice: 0.9352
Esophagus Validation Complete: Loss: 0.0697, Dice: 0.9123
Stomach Validation Complete: Loss: 0.0378, Dice: 0.9667
Left_kidney Validation Complete: Loss: 0.0241, Dice: 0.9753
Time: 20250619-1344, train_Loss: 0.023141122445640525, train_accuracy : 0.9730789346018505
Epoch 14/100
saved a better ckpt.
val loss: 0.059683499221666804
  Liver - Val Loss: 0.0382, Dice: 0.9739
  Right_kidney - Val Loss: 0.0257, Dice: 0.9754
  Spleen - Val Loss: 0.0273, Dice: 0.9762
  Pancreas - Val Loss: 0.1261, Dice: 0.8480
  Aorta - Val Loss: 0.0313, Dice: 0.9638
  Ivc - Val Loss: 0.0508, Dice: 0.9457
  Right_adrenal_gland - Val Loss: 0.1120, Dice: 0.8668
  Left_adrenal_gland - Val Loss: 0.1095, Dice: 0.8720
  Gallbladder - Val Loss: 0.0637, Dice: 0.9352
  Esophagus - Val Loss: 0.0697, Dice: 0.9123
  Stomach - Val Loss: 0.0378, Dice: 0.9667
  Left_kidney - Val Loss: 0.0241, Dice: 0.9753
