[2025-06-20 11:59:00,112] Loaded hf-hub:microsoft/BiomedCLIP-PubMedBERT_256-vit_base_patch16_224 model config.
[2025-06-20 11:59:10,045] Loading pretrained hf-hub:microsoft/BiomedCLIP-PubMedBERT_256-vit_base_patch16_224 weights (/home/uqz9095/.cache/huggingface/hub/models--microsoft--BiomedCLIP-PubMedBERT_256-vit_base_patch16_224/snapshots/9f341de24bfb00180f1b847274256e9b65a3a32e/open_clip_pytorch_model.bin).
wandb: Currently logged in as: limingluo2025 (limingluo2025-northwestern-university) to https://api.wandb.ai. Use `wandb login --relogin` to force relogin
wandb: Tracking run with wandb version 0.20.1
wandb: Run data is saved locally in /gpfs/home/uqz9095/OMT-SAM/wandb/run-20250620_115924-niye0jxp
wandb: Run `wandb offline` to turn off syncing.
wandb: Syncing run efficient-shadow-18
wandb: ⭐️ View project at https://wandb.ai/limingluo2025-northwestern-university/SAM
wandb: 🚀 View run at https://wandb.ai/limingluo2025-northwestern-university/SAM/runs/niye0jxp
Traceback (most recent call last):
  File "/gpfs/home/uqz9095/OMT-SAM/train_one_gpu_new_Step3.py", line 511, in <module>
    main()
    ~~~~^^
  File "/gpfs/home/uqz9095/OMT-SAM/train_one_gpu_new_Step3.py", line 381, in main
    for image, gt2D, boxes, _, text_input in tqdm(train_loader, desc=f"Training {ORGANS[oid]}", leave=False):
                                             ~~~~^^^^^^^^^^^^^^^^^^^^^^^^^^^^^^^^^^^^^^^^^^^^^^^^^^^^^^^^^^^
  File "/home/uqz9095/miniconda3/lib/python3.13/site-packages/tqdm/std.py", line 1096, in __init__
    self.sp = self.status_printer(self.fp)
              ~~~~~~~~~~~~~~~~~~~^^^^^^^^^
  File "/home/uqz9095/miniconda3/lib/python3.13/site-packages/tqdm/std.py", line 449, in status_printer
    getattr(sys.stdout, 'flush', lambda: None)()
    ~~~~~~~~~~~~~~~~~~~~~~~~~~~~~~~~~~~~~~~~~~^^
OSError: [Errno 122] Disk quota exceeded
Exception ignored on flushing sys.stdout:
--- Logging error ---
--- Logging error ---
--- Logging error ---
--- Logging error ---
--- Logging error ---
--- Logging error ---
--- Logging error ---
--- Logging error ---
--- Logging error ---
--- Logging error ---
--- Logging error ---
--- Logging error ---
--- Logging error ---
--- Logging error ---
--- Logging error ---
--- Logging error ---
--- Logging error ---
--- Logging error ---
--- Logging error ---
--- Logging error ---
--- Logging error ---
--- Logging error ---
--- Logging error ---
--- Logging error ---
--- Logging error ---
--- Logging error ---
--- Logging error ---
--- Logging error ---
--- Logging error ---
--- Logging error ---
--- Logging error ---
--- Logging error ---
--- Logging error ---
--- Logging error ---
--- Logging error ---
--- Logging error ---
--- Logging error ---
--- Logging error ---
--- Logging error ---
--- Logging error ---
--- Logging error ---
--- Logging error ---
--- Logging error ---
--- Logging error ---
--- Logging error ---
--- Logging error ---
--- Logging error ---
--- Logging error ---
--- Logging error ---
--- Logging error ---
--- Logging error ---
--- Logging error ---
--- Logging error ---
--- Logging error ---
--- Logging error ---
--- Logging error ---
--- Logging error ---
--- Logging error ---
--- Logging error ---
--- Logging error ---
--- Logging error ---
--- Logging error ---
--- Logging error ---
--- Logging error ---
--- Logging error ---
--- Logging error ---
--- Logging error ---
--- Logging error ---
--- Logging error ---
--- Logging error ---
--- Logging error ---
--- Logging error ---
--- Logging error ---
--- Logging error ---
--- Logging error ---
--- Logging error ---
--- Logging error ---
--- Logging error ---
--- Logging error ---
--- Logging error ---
--- Logging error ---
--- Logging error ---
--- Logging error ---
--- Logging error ---
--- Logging error ---
--- Logging error ---
--- Logging error ---
--- Logging error ---
--- Logging error ---
Exception ignored in sys.unraisablehook--- Logging error ---
--- Logging error ---
--- Logging error ---
